-------------------------------------------
Batch: 0
-------------------------------------------
+--------------------+-----+
|            customer|score|
+--------------------+-----+
|Ashley.Khatib@tes...|-16.0|
|Eric.Howard@test.com|  2.0|
|Jerry.Clayton@tes...|-31.5|
| Larry.Huey@test.com| 25.5|
|Bobby.Mitra@test.com| -3.5|
|Frank.Smith@test.com| -1.0|
|Lyn.Fibonnaci@tes...| -5.0|
| Eric.Smith@test.com| -1.5|
|Jerry.Phillips@te...| -3.0|
|David.Hansen@test...| -4.0|
|Neeraj.Clark@test...| -4.5|
|Frank.Staples@tes...| -4.0|
|Jerry.Jackson@tes...| -4.0|
|   Ben.Huey@test.com| -4.5|
|Danny.Harris@test...| -2.5|
|Jacob.Phillips@te...|-33.5|
|Jacob.Anderson@te...| -5.5|
| Gail.Clark@test.com|-14.0|
|Trevor.Anderson@t...| -8.0|
|Chris.Howard@test...| 23.0|
+--------------------+-----+
only showing top 20 rows

-------------------------------------------
Batch: 1
-------------------------------------------
+--------------------+-----+
|            customer|score|
+--------------------+-----+
|Eric.Howard@test.com| 33.0|
|Jerry.Clayton@tes...|-19.5|
| Larry.Huey@test.com| -2.5|
|Bobby.Mitra@test.com| -1.5|
|Frank.Smith@test.com| -2.0|
+--------------------+-----+

-------------------------------------------
Batch: 2
-------------------------------------------
+--------------------+-----+
|            customer|score|
+--------------------+-----+
|Lyn.Fibonnaci@tes...| -3.0|
+--------------------+-----+

-------------------------------------------
Batch: 3
-------------------------------------------
+-------------------+-----+
|           customer|score|
+-------------------+-----+
|Eric.Smith@test.com| -2.5|
+-------------------+-----+

-------------------------------------------
Batch: 4
-------------------------------------------
+--------------------+-----+
|            customer|score|
+--------------------+-----+
|Jerry.Phillips@te...| -6.0|
+--------------------+-----+

-------------------------------------------
Batch: 5
-------------------------------------------
+--------------------+-----+
|            customer|score|
+--------------------+-----+
|David.Hansen@test...| -5.0|
+--------------------+-----+

