Spark Command: /usr/lib/jvm/java-8-openjdk-amd64/jre/bin/java -cp /opt/spark-2.3.4-bin-hadoop2.7/conf/:/opt/spark-2.3.4-bin-hadoop2.7/jars/* -Xmx1g org.apache.spark.deploy.worker.Worker --webui-port 8081 spark://7062b39297df:7077
========================================
2023-03-18 11:25:15 INFO  Worker:2612 - Started daemon with process name: 114@7062b39297df
2023-03-18 11:25:15 INFO  SignalUtils:54 - Registered signal handler for TERM
2023-03-18 11:25:15 INFO  SignalUtils:54 - Registered signal handler for HUP
2023-03-18 11:25:15 INFO  SignalUtils:54 - Registered signal handler for INT
2023-03-18 11:25:16 WARN  NativeCodeLoader:62 - Unable to load native-hadoop library for your platform... using builtin-java classes where applicable
2023-03-18 11:25:16 INFO  SecurityManager:54 - Changing view acls to: root
2023-03-18 11:25:16 INFO  SecurityManager:54 - Changing modify acls to: root
2023-03-18 11:25:16 INFO  SecurityManager:54 - Changing view acls groups to: 
2023-03-18 11:25:16 INFO  SecurityManager:54 - Changing modify acls groups to: 
2023-03-18 11:25:16 INFO  SecurityManager:54 - SecurityManager: authentication disabled; ui acls disabled; users  with view permissions: Set(root); groups with view permissions: Set(); users  with modify permissions: Set(root); groups with modify permissions: Set()
2023-03-18 11:25:17 INFO  Utils:54 - Successfully started service 'sparkWorker' on port 34827.
2023-03-18 11:25:17 INFO  Worker:54 - Starting Spark worker 172.18.0.2:34827 with 2 cores, 6.3 GB RAM
2023-03-18 11:25:17 INFO  Worker:54 - Running Spark version 2.3.4
2023-03-18 11:25:17 INFO  Worker:54 - Spark home: /opt/spark-2.3.4-bin-hadoop2.7
2023-03-18 11:25:17 INFO  log:192 - Logging initialized @3940ms
2023-03-18 11:25:17 INFO  Server:351 - jetty-9.3.z-SNAPSHOT, build timestamp: unknown, git hash: unknown
2023-03-18 11:25:17 INFO  Server:419 - Started @4077ms
2023-03-18 11:25:18 INFO  AbstractConnector:278 - Started ServerConnector@1844b12a{HTTP/1.1,[http/1.1]}{0.0.0.0:8081}
2023-03-18 11:25:18 INFO  Utils:54 - Successfully started service 'WorkerUI' on port 8081.
2023-03-18 11:25:18 INFO  ContextHandler:781 - Started o.s.j.s.ServletContextHandler@2b3bc139{/logPage,null,AVAILABLE,@Spark}
2023-03-18 11:25:18 INFO  ContextHandler:781 - Started o.s.j.s.ServletContextHandler@44871cce{/logPage/json,null,AVAILABLE,@Spark}
2023-03-18 11:25:18 INFO  ContextHandler:781 - Started o.s.j.s.ServletContextHandler@5578af7{/,null,AVAILABLE,@Spark}
2023-03-18 11:25:18 INFO  ContextHandler:781 - Started o.s.j.s.ServletContextHandler@213ff282{/json,null,AVAILABLE,@Spark}
2023-03-18 11:25:18 INFO  ContextHandler:781 - Started o.s.j.s.ServletContextHandler@5d22eb07{/static,null,AVAILABLE,@Spark}
2023-03-18 11:25:18 INFO  ContextHandler:781 - Started o.s.j.s.ServletContextHandler@326dfca3{/log,null,AVAILABLE,@Spark}
2023-03-18 11:25:18 INFO  WorkerWebUI:54 - Bound WorkerWebUI to 0.0.0.0, and started at http://7062b39297df:8081
2023-03-18 11:25:18 INFO  Worker:54 - Connecting to master 7062b39297df:7077...
2023-03-18 11:25:18 INFO  ContextHandler:781 - Started o.s.j.s.ServletContextHandler@5e6ac818{/metrics/json,null,AVAILABLE,@Spark}
2023-03-18 11:25:18 INFO  TransportClientFactory:267 - Successfully created connection to 7062b39297df/172.18.0.2:7077 after 113 ms (0 ms spent in bootstraps)
2023-03-18 11:25:18 INFO  Worker:54 - Successfully registered with master spark://7062b39297df:7077
